<?xml version="1.0" encoding="UTF-8"?>
<!-- Generated by org.testng.reporters.JUnitReportReporter -->
<testsuite hostname="LAPTOP-NHB4MO6K" failures="0" tests="1" name="pages.MavenGitJenkinsExecution" time="148.583" errors="0" timestamp="2025-10-02T17:23:56 IST" skipped="0">
  <testcase classname="pages.MavenGitJenkinsExecution" name="samplegoogleTest" time="148.583"/>
  <system-out/>
</testsuite> <!-- pages.MavenGitJenkinsExecution -->
